wearos/app/build/intermediates/manifest_merge_blame_file/debug/processDebugMainManifest/manifest-merger-blame-debug-report.txt
1<?xml version="1.0" encoding="utf-8"?>
2<manifest xmlns:android="http://schemas.android.com/apk/res/android"
3    package="com.workouttimer.wear"
4    android:versionCode="1"
5    android:versionName="1.0" >
6
7    <uses-sdk
8        android:minSdkVersion="30"
9        android:targetSdkVersion="34" />
10
11    <!-- Wear OS standalone app -->
12    <uses-feature android:name="android.hardware.type.watch" />
12-->src/main/AndroidManifest.xml:5:5-64
12-->src/main/AndroidManifest.xml:5:19-61
13
14    <!-- Heart Rate Sensor (optional) -->
15    <uses-feature
15-->src/main/AndroidManifest.xml:8:5-95
16        android:name="android.hardware.sensor.heartrate"
16-->src/main/AndroidManifest.xml:8:19-67
17        android:required="false" />
17-->src/main/AndroidManifest.xml:8:68-92
18
19    <!-- Permissions -->
20    <uses-permission android:name="android.permission.VIBRATE" />
20-->src/main/AndroidManifest.xml:11:5-66
20-->src/main/AndroidManifest.xml:11:22-63
21    <uses-permission android:name="android.permission.WAKE_LOCK" />
21-->src/main/AndroidManifest.xml:12:5-68
21-->src/main/AndroidManifest.xml:12:22-65
22    <uses-permission android:name="android.permission.FOREGROUND_SERVICE" />
22-->src/main/AndroidManifest.xml:13:5-77
22-->src/main/AndroidManifest.xml:13:22-74
23    <uses-permission android:name="android.permission.BODY_SENSORS" />
23-->src/main/AndroidManifest.xml:14:5-71
23-->src/main/AndroidManifest.xml:14:22-68
24
25    <queries>
25-->[androidx.health:health-services-client:1.0.0-rc01] AndroidManifest.xml:19:5-21:15
26        <package android:name="com.google.android.wearable.healthservices" />
26-->[androidx.health:health-services-client:1.0.0-rc01] AndroidManifest.xml:20:9-78
26-->[androidx.health:health-services-client:1.0.0-rc01] AndroidManifest.xml:20:18-75
27    </queries>
28
29    <permission
29-->[androidx.core:core:1.12.0] AndroidManifest.xml:22:5-24:47
30        android:name="com.workouttimer.wear.DYNAMIC_RECEIVER_NOT_EXPORTED_PERMISSION"
30-->[androidx.core:core:1.12.0] AndroidManifest.xml:23:9-81
31        android:protectionLevel="signature" />
31-->[androidx.core:core:1.12.0] AndroidManifest.xml:24:9-44
32
33    <uses-permission android:name="com.workouttimer.wear.DYNAMIC_RECEIVER_NOT_EXPORTED_PERMISSION" /> <!-- Permission rationales for Google Play Data Safety -->
33-->[androidx.core:core:1.12.0] AndroidManifest.xml:26:5-97
33-->[androidx.core:core:1.12.0] AndroidManifest.xml:26:22-94
34    <!-- VIBRATE: Used for haptic feedback during workout intervals -->
35    <!-- WAKE_LOCK: Keeps screen on during active workouts -->
36    <!-- FOREGROUND_SERVICE: Allows timer to continue when app is minimized -->
37    <!-- BODY_SENSORS: Optional - reads heart rate during workouts (data stored locally only) -->
38    <application
38-->src/main/AndroidManifest.xml:22:5-45:19
39        android:allowBackup="true"
39-->src/main/AndroidManifest.xml:23:9-35
40        android:appComponentFactory="androidx.core.app.CoreComponentFactory"
40-->[androidx.core:core:1.12.0] AndroidManifest.xml:28:18-86
41        android:debuggable="true"
42        android:extractNativeLibs="false"
43        android:icon="@mipmap/ic_launcher"
43-->src/main/AndroidManifest.xml:24:9-43
44        android:label="@string/app_name"
44-->src/main/AndroidManifest.xml:25:9-41
45        android:supportsRtl="true"
45-->src/main/AndroidManifest.xml:26:9-35
46        android:theme="@android:style/Theme.DeviceDefault" >
46-->src/main/AndroidManifest.xml:27:9-59
47
48        <!-- Mark as standalone Wear OS app -->
49        <meta-data
49-->src/main/AndroidManifest.xml:30:9-32:36
50            android:name="com.google.android.wearable.standalone"
50-->src/main/AndroidManifest.xml:31:13-66
51            android:value="true" />
51-->src/main/AndroidManifest.xml:32:13-33
52
53        <activity
53-->src/main/AndroidManifest.xml:34:9-44:20
54            android:name="com.workouttimer.wear.presentation.MainActivity"
54-->src/main/AndroidManifest.xml:35:13-54
55            android:exported="true"
55-->src/main/AndroidManifest.xml:36:13-36
56            android:label="@string/app_name"
56-->src/main/AndroidManifest.xml:37:13-45
57            android:taskAffinity=""
57-->src/main/AndroidManifest.xml:38:13-36
58            android:theme="@android:style/Theme.DeviceDefault" >
58-->src/main/AndroidManifest.xml:39:13-63
59            <intent-filter>
59-->src/main/AndroidManifest.xml:40:13-43:29
60                <action android:name="android.intent.action.MAIN" />
60-->src/main/AndroidManifest.xml:41:17-69
60-->src/main/AndroidManifest.xml:41:25-66
61
62                <category android:name="android.intent.category.LAUNCHER" />
62-->src/main/AndroidManifest.xml:42:17-77
62-->src/main/AndroidManifest.xml:42:27-74
63            </intent-filter>
64        </activity>
65
66        <uses-library
66-->[androidx.wear:wear:1.3.0] AndroidManifest.xml:23:9-25:40
67            android:name="com.google.android.wearable"
67-->[androidx.wear:wear:1.3.0] AndroidManifest.xml:24:13-55
68            android:required="false" />
68-->[androidx.wear:wear:1.3.0] AndroidManifest.xml:25:13-37
69
70        <activity
70-->[com.google.android.gms:play-services-base:18.0.1] AndroidManifest.xml:20:9-22:45
71            android:name="com.google.android.gms.common.api.GoogleApiActivity"
71-->[com.google.android.gms:play-services-base:18.0.1] AndroidManifest.xml:20:19-85
72            android:exported="false"
72-->[com.google.android.gms:play-services-base:18.0.1] AndroidManifest.xml:22:19-43
73            android:theme="@android:style/Theme.Translucent.NoTitleBar" />
73-->[com.google.android.gms:play-services-base:18.0.1] AndroidManifest.xml:21:19-78
74
75        <meta-data
75-->[com.google.android.gms:play-services-basement:18.0.0] AndroidManifest.xml:21:9-23:69
76            android:name="com.google.android.gms.version"
76-->[com.google.android.gms:play-services-basement:18.0.0] AndroidManifest.xml:22:13-58
77            android:value="@integer/google_play_services_version" />
77-->[com.google.android.gms:play-services-basement:18.0.0] AndroidManifest.xml:23:13-66
78
79        <activity
79-->[androidx.compose.ui:ui-tooling-android:1.5.4] AndroidManifest.xml:23:9-25:39
80            android:name="androidx.compose.ui.tooling.PreviewActivity"
80-->[androidx.compose.ui:ui-tooling-android:1.5.4] AndroidManifest.xml:24:13-71
81            android:exported="true" />
81-->[androidx.compose.ui:ui-tooling-android:1.5.4] AndroidManifest.xml:25:13-36
82
83        <provider
83-->[androidx.emoji2:emoji2:1.4.0] AndroidManifest.xml:24:9-32:20
84            android:name="androidx.startup.InitializationProvider"
84-->[androidx.emoji2:emoji2:1.4.0] AndroidManifest.xml:25:13-67
85            android:authorities="com.workouttimer.wear.androidx-startup"
85-->[androidx.emoji2:emoji2:1.4.0] AndroidManifest.xml:26:13-68
86            android:exported="false" >
86-->[androidx.emoji2:emoji2:1.4.0] AndroidManifest.xml:27:13-37
87            <meta-data
87-->[androidx.emoji2:emoji2:1.4.0] AndroidManifest.xml:29:13-31:52
88                android:name="androidx.emoji2.text.EmojiCompatInitializer"
88-->[androidx.emoji2:emoji2:1.4.0] AndroidManifest.xml:30:17-75
89                android:value="androidx.startup" />
89-->[androidx.emoji2:emoji2:1.4.0] AndroidManifest.xml:31:17-49
90            <meta-data
90-->[androidx.lifecycle:lifecycle-process:2.6.2] AndroidManifest.xml:29:13-31:52
91                android:name="androidx.lifecycle.ProcessLifecycleInitializer"
91-->[androidx.lifecycle:lifecycle-process:2.6.2] AndroidManifest.xml:30:17-78
92                android:value="androidx.startup" />
92-->[androidx.lifecycle:lifecycle-process:2.6.2] AndroidManifest.xml:31:17-49
93            <meta-data
93-->[androidx.profileinstaller:profileinstaller:1.3.0] AndroidManifest.xml:29:13-31:52
94                android:name="androidx.profileinstaller.ProfileInstallerInitializer"
94-->[androidx.profileinstaller:profileinstaller:1.3.0] AndroidManifest.xml:30:17-85
95                android:value="androidx.startup" />
95-->[androidx.profileinstaller:profileinstaller:1.3.0] AndroidManifest.xml:31:17-49
96        </provider>
97
98        <service
98-->[androidx.health:health-services-client:1.0.0-rc01] AndroidManifest.xml:24:9-31:19
99            android:name="androidx.health.services.client.VersionApiService"
99-->[androidx.health:health-services-client:1.0.0-rc01] AndroidManifest.xml:25:13-77
100            android:exported="true"
100-->[androidx.health:health-services-client:1.0.0-rc01] AndroidManifest.xml:26:13-36
101            android:permission="com.google.android.wearable.healthservices.permission.PASSIVE_DATA_BINDING" >
101-->[androidx.health:health-services-client:1.0.0-rc01] AndroidManifest.xml:27:13-108
102            <intent-filter>
102-->[androidx.health:health-services-client:1.0.0-rc01] AndroidManifest.xml:28:13-30:29
103                <action android:name="hs.versionclient.BIND" />
103-->[androidx.health:health-services-client:1.0.0-rc01] AndroidManifest.xml:29:17-64
103-->[androidx.health:health-services-client:1.0.0-rc01] AndroidManifest.xml:29:25-61
104            </intent-filter>
105        </service>
106
107        <receiver
107-->[androidx.profileinstaller:profileinstaller:1.3.0] AndroidManifest.xml:34:9-52:20
108            android:name="androidx.profileinstaller.ProfileInstallReceiver"
108-->[androidx.profileinstaller:profileinstaller:1.3.0] AndroidManifest.xml:35:13-76
109            android:directBootAware="false"
109-->[androidx.profileinstaller:profileinstaller:1.3.0] AndroidManifest.xml:36:13-44
110            android:enabled="true"
110-->[androidx.profileinstaller:profileinstaller:1.3.0] AndroidManifest.xml:37:13-35
111            android:exported="true"
111-->[androidx.profileinstaller:profileinstaller:1.3.0] AndroidManifest.xml:38:13-36
112            android:permission="android.permission.DUMP" >
112-->[androidx.profileinstaller:profileinstaller:1.3.0] AndroidManifest.xml:39:13-57
113            <intent-filter>
113-->[androidx.profileinstaller:profileinstaller:1.3.0] AndroidManifest.xml:40:13-42:29
114                <action android:name="androidx.profileinstaller.action.INSTALL_PROFILE" />
114-->[androidx.profileinstaller:profileinstaller:1.3.0] AndroidManifest.xml:41:17-91
114-->[androidx.profileinstaller:profileinstaller:1.3.0] AndroidManifest.xml:41:25-88
115            </intent-filter>
116            <intent-filter>
116-->[androidx.profileinstaller:profileinstaller:1.3.0] AndroidManifest.xml:43:13-45:29
117                <action android:name="androidx.profileinstaller.action.SKIP_FILE" />
117-->[androidx.profileinstaller:profileinstaller:1.3.0] AndroidManifest.xml:44:17-85
117-->[androidx.profileinstaller:profileinstaller:1.3.0] AndroidManifest.xml:44:25-82
118            </intent-filter>
119            <intent-filter>
119-->[androidx.profileinstaller:profileinstaller:1.3.0] AndroidManifest.xml:46:13-48:29
120                <action android:name="androidx.profileinstaller.action.SAVE_PROFILE" />
120-->[androidx.profileinstaller:profileinstaller:1.3.0] AndroidManifest.xml:47:17-88
120-->[androidx.profileinstaller:profileinstaller:1.3.0] AndroidManifest.xml:47:25-85
121            </intent-filter>
122            <intent-filter>
122-->[androidx.profileinstaller:profileinstaller:1.3.0] AndroidManifest.xml:49:13-51:29
123                <action android:name="androidx.profileinstaller.action.BENCHMARK_OPERATION" />
123-->[androidx.profileinstaller:profileinstaller:1.3.0] AndroidManifest.xml:50:17-95
123-->[androidx.profileinstaller:profileinstaller:1.3.0] AndroidManifest.xml:50:25-92
124            </intent-filter>
125        </receiver>
126    </application>
127
128</manifest>